<?xml version="1.0" encoding="UTF-8"?>
<!-- Generated by org.testng.reporters.JUnitXMLReporter -->
<testsuite ignored="0" hostname="LAPTOP-QVHSJR93" failures="0" tests="2" name="Default test" time="0.054" errors="0" timestamp="09 May 2022 11:31:55 GMT">
  <testcase classname="MavenExample.ReadingDataFromCommandLineTest" name="readingDataFromCommandTest" time="0.014"/>
  <testcase classname="MavenExample.ReadingDataFromCommandLineTest" name="regressionTest" time="0.003"/>
</testsuite> <!-- Default test -->
