<?xml version="1.0" encoding="UTF-8"?>
<!-- Generated by org.testng.reporters.JUnitXMLReporter -->
<testsuite ignored="2" hostname="LAPTOP-QVHSJR93" failures="0" tests="1" name="Test" time="0.042" errors="0" timestamp="09 May 2022 11:30:50 GMT">
  <testcase classname="MavenExample.ReadingDataFromCommandLineTest" name="readingDataFromCommandTest" time="0.013"/>
  <testcase classname="MavenExample.CreateUserTest" name="createusertest" time="0.0">
    <ignored/>
  </testcase> <!-- createusertest -->
  <testcase classname="MavenExample.ReadingDataFromCommandLineTest" name="regressionTest" time="0.0">
    <ignored/>
  </testcase> <!-- regressionTest -->
</testsuite> <!-- Test -->
