<?xml version="1.0" encoding="UTF-8"?>
<testng-results ignored="0" total="2" passed="2" failed="0" skipped="0">
  <reporter-output>
  </reporter-output>
  <suite started-at="2022-05-09T11:31:55Z" name="Default suite" finished-at="2022-05-09T11:31:55Z" duration-ms="54">
    <groups>
      <group name="regression">
        <method signature="ReadingDataFromCommandLineTest.regressionTest()[pri:0, instance:MavenExample.ReadingDataFromCommandLineTest@6c4980d3]" name="regressionTest" class="MavenExample.ReadingDataFromCommandLineTest"/>
      </group> <!-- regression -->
      <group name="smoke">
        <method signature="ReadingDataFromCommandLineTest.readingDataFromCommandTest()[pri:0, instance:MavenExample.ReadingDataFromCommandLineTest@6c4980d3]" name="readingDataFromCommandTest" class="MavenExample.ReadingDataFromCommandLineTest"/>
      </group> <!-- smoke -->
    </groups>
    <test started-at="2022-05-09T11:31:55Z" name="Default test" finished-at="2022-05-09T11:31:55Z" duration-ms="54">
      <class name="MavenExample.ReadingDataFromCommandLineTest">
        <test-method signature="readingDataFromCommandTest()[pri:0, instance:MavenExample.ReadingDataFromCommandLineTest@6c4980d3]" started-at="2022-05-09T11:31:55Z" name="readingDataFromCommandTest" finished-at="2022-05-09T11:31:55Z" duration-ms="14" status="PASS">
          <reporter-output>
          </reporter-output>
        </test-method> <!-- readingDataFromCommandTest -->
        <test-method signature="regressionTest()[pri:0, instance:MavenExample.ReadingDataFromCommandLineTest@6c4980d3]" started-at="2022-05-09T11:31:55Z" name="regressionTest" finished-at="2022-05-09T11:31:55Z" duration-ms="3" status="PASS">
          <reporter-output>
          </reporter-output>
        </test-method> <!-- regressionTest -->
      </class> <!-- MavenExample.ReadingDataFromCommandLineTest -->
    </test> <!-- Default test -->
  </suite> <!-- Default suite -->
</testng-results>
